<?xml version="1.0" encoding="UTF-8"?>
<!-- Generated by org.testng.reporters.JUnitXMLReporter -->
<testsuite hostname="LAPTOP" ignored="2" name="EmailTemplate" tests="1" failures="1" timestamp="07 Feb 2019 05:48:26 GMT" time="80.335" errors="0">
  <testcase name="email_temp" time="80.299" classname="pom.xamplifylive.xamplifylive.EmailTemplate">
    <failure type="java.io.IOException" message="Cannot run program &amp;quot;D:\Selenium\Files\Uploadcustomtemplate.exe&amp;quot;: CreateProcess error=2, The system cannot find the file specified">
      <![CDATA[java.io.IOException: Cannot run program "D:\Selenium\Files\Uploadcustomtemplate.exe": CreateProcess error=2, The system cannot find the file specified
at java.lang.ProcessBuilder.start(Unknown Source)
at java.lang.Runtime.exec(Unknown Source)
at java.lang.Runtime.exec(Unknown Source)
at java.lang.Runtime.exec(Unknown Source)
at pom.xamplifylive.xamplifylive.EmailTemplate.email_temp(EmailTemplate.java:82)
Caused by: java.io.IOException: CreateProcess error=2, The system cannot find the file specified
at java.lang.ProcessImpl.create(Native Method)
at java.lang.ProcessImpl.<init>(Unknown Source)
at java.lang.ProcessImpl.start(Unknown Source)
... 30 more
... Removed 25 stack frames]]>
    </failure>
  </testcase> <!-- email_temp -->
  <testcase name="email_temp1" time="0.0" classname="pom.xamplifylive.xamplifylive.EmailTemplate">
    <ignored/>
  </testcase> <!-- email_temp1 -->
  <testcase name="manage_template1" time="0.0" classname="pom.xamplifylive.xamplifylive.EmailTemplate">
    <ignored/>
  </testcase> <!-- manage_template1 -->
</testsuite> <!-- EmailTemplate -->
