<?xml version="1.0" encoding="UTF-8"?>
<!-- Generated by org.testng.reporters.JUnitXMLReporter -->
<testsuite hostname="LAPTOP" ignored="3" name="Test_uploadvideo" tests="5" failures="0" timestamp="14 Feb 2019 11:05:04 GMT" time="116.498" errors="0">
  <testcase name="@BeforeMethod Content_MouseHover" time="11.214" classname="pom.xamplifylive.xamplifylive.UploadContent">
    <failure type="org.openqa.selenium.ElementNotVisibleException" message="element not interactable
  (Session info: chrome=71.0.3578.98)
  (Driver info: chromedriver=2.43.600210 (68dcf5eebde37173d4027fa8635e332711d2874a),platform=Windows NT 6.1.7601 SP1 x86_64) (WARNING: The server did not provide any stacktrace information)
Command duration or timeout: 33 milliseconds
Build info: version: &amp;apos;2.53.1&amp;apos;, revision: &amp;apos;a36b8b1cd5757287168e54b817830adce9b0158d&amp;apos;, time: &amp;apos;2016-06-30 19:26:09&amp;apos;
System info: host: &amp;apos;LAPTOP&amp;apos;, ip: &amp;apos;172.16.16.54&amp;apos;, os.name: &amp;apos;Windows 7&amp;apos;, os.arch: &amp;apos;amd64&amp;apos;, os.version: &amp;apos;6.1&amp;apos;, java.version: &amp;apos;1.8.0_181&amp;apos;
Driver info: org.openqa.selenium.chrome.ChromeDriver
Capabilities [{mobileEmulationEnabled=false, hasTouchScreen=false, platform=XP, acceptSslCerts=false, goog:chromeOptions={debuggerAddress=localhost:63499}, acceptInsecureCerts=false, webStorageEnabled=true, browserName=chrome, takesScreenshot=true, javascriptEnabled=true, setWindowRect=true, unexpectedAlertBehaviour=, applicationCacheEnabled=false, rotatable=false, networkConnectionEnabled=false, chrome={chromedriverVersion=2.43.600210 (68dcf5eebde37173d4027fa8635e332711d2874a), userDataDir=C:\Users\anojk\AppData\Local\Temp\scoped_dir8568_8939}, takesHeapSnapshot=true, pageLoadStrategy=normal, databaseEnabled=false, handlesAlerts=true, version=71.0.3578.98, browserConnectionEnabled=false, nativeEvents=true, locationContextEnabled=true, cssSelectorsEnabled=true}]
Session ID: 030a552101526f90b4367a8ad72b0ba5">
      <![CDATA[org.openqa.selenium.ElementNotVisibleException: element not interactable
  (Session info: chrome=71.0.3578.98)
  (Driver info: chromedriver=2.43.600210 (68dcf5eebde37173d4027fa8635e332711d2874a),platform=Windows NT 6.1.7601 SP1 x86_64) (WARNING: The server did not provide any stacktrace information)
Command duration or timeout: 33 milliseconds
Build info: version: '2.53.1', revision: 'a36b8b1cd5757287168e54b817830adce9b0158d', time: '2016-06-30 19:26:09'
System info: host: 'LAPTOP', ip: '172.16.16.54', os.name: 'Windows 7', os.arch: 'amd64', os.version: '6.1', java.version: '1.8.0_181'
Driver info: org.openqa.selenium.chrome.ChromeDriver
Capabilities [{mobileEmulationEnabled=false, hasTouchScreen=false, platform=XP, acceptSslCerts=false, goog:chromeOptions={debuggerAddress=localhost:63499}, acceptInsecureCerts=false, webStorageEnabled=true, browserName=chrome, takesScreenshot=true, javascriptEnabled=true, setWindowRect=true, unexpectedAlertBehaviour=, applicationCacheEnabled=false, rotatable=false, networkConnectionEnabled=false, chrome={chromedriverVersion=2.43.600210 (68dcf5eebde37173d4027fa8635e332711d2874a), userDataDir=C:\Users\anojk\AppData\Local\Temp\scoped_dir8568_8939}, takesHeapSnapshot=true, pageLoadStrategy=normal, databaseEnabled=false, handlesAlerts=true, version=71.0.3578.98, browserConnectionEnabled=false, nativeEvents=true, locationContextEnabled=true, cssSelectorsEnabled=true}]
Session ID: 030a552101526f90b4367a8ad72b0ba5
at org.openqa.selenium.remote.ErrorHandler.createThrowable(ErrorHandler.java:206)
at org.openqa.selenium.remote.ErrorHandler.throwIfResponseFailed(ErrorHandler.java:158)
at org.openqa.selenium.remote.RemoteWebDriver.execute(RemoteWebDriver.java:678)
at org.openqa.selenium.remote.RemoteWebElement.execute(RemoteWebElement.java:327)
at org.openqa.selenium.remote.RemoteWebElement.click(RemoteWebElement.java:85)
at pom.xamplifylive.xamplifylive.UploadContent.Content_MouseHover(UploadContent.java:32)
... Removed 32 stack frames]]>
    </failure>
  </testcase> <!-- @BeforeMethod Content_MouseHover -->
  <testcase name="@BeforeMethod Content_MouseHover" time="0.0" classname="pom.xamplifylive.xamplifylive.UploadContent">
    <skipped/>
  </testcase> <!-- @BeforeMethod Content_MouseHover -->
  <testcase name="@BeforeMethod Content_MouseHover" time="0.0" classname="pom.xamplifylive.xamplifylive.UploadContent">
    <skipped/>
  </testcase> <!-- @BeforeMethod Content_MouseHover -->
  <testcase name="video_browse" time="42.157" classname="pom.xamplifylive.xamplifylive.UploadContent"/>
  <testcase name="web" time="18.392" classname="pom.xamplifylive.xamplifylive.UploadContent"/>
  <testcase name="video_dropbox" time="0.0" classname="pom.xamplifylive.xamplifylive.UploadContent">
    <skipped/>
  </testcase> <!-- video_dropbox -->
  <testcase name="video_box" time="0.0" classname="pom.xamplifylive.xamplifylive.UploadContent">
    <skipped/>
  </testcase> <!-- video_box -->
  <testcase name="Google_Drive" time="0.0" classname="pom.xamplifylive.xamplifylive.UploadContent">
    <skipped/>
  </testcase> <!-- Google_Drive -->
  <testcase name="Content_box" time="0.0" classname="pom.xamplifylive.xamplifylive.UploadContent">
    <ignored/>
  </testcase> <!-- Content_box -->
  <testcase name="Content_Dropbox" time="0.0" classname="pom.xamplifylive.xamplifylive.UploadContent">
    <ignored/>
  </testcase> <!-- Content_Dropbox -->
  <testcase name="Content_Browse" time="0.0" classname="pom.xamplifylive.xamplifylive.UploadContent">
    <ignored/>
  </testcase> <!-- Content_Browse -->
</testsuite> <!-- Test_uploadvideo -->
