<?xml version="1.0" encoding="UTF-8"?>
<!-- Generated by org.testng.reporters.JUnitXMLReporter -->
<testsuite hostname="LAPTOP" ignored="0" name="Test_Managevideos" tests="3" failures="0" timestamp="24 Jan 2019 10:49:08 GMT" time="216.261" errors="0">
  <testcase name="Video_delete" time="34.791" classname="pom.xamplifylive.xamplifylive.Managevideos"/>
  <testcase name="search_Analystics_edit" time="114.526" classname="pom.xamplifylive.xamplifylive.Managevideos"/>
  <testcase name="Sortby_view" time="65.326" classname="pom.xamplifylive.xamplifylive.Managevideos"/>
</testsuite> <!-- Test_Managevideos -->
